# Configuration Change Log

## [2026-06-21] apps/web Project-Level Env Convention

### Nx Project Environment Resolution
- **apps/web/.env.example**: Added a project-local environment template so `pnpm --dir apps/web ...` and `pnpm nx ... web` targets resolve the same variables from the app directory.
- **apps/web/prisma/seed.ts**: Uses standard `dotenv/config` only; no custom root-env fallback is required when commands run with `cwd=apps/web`.
- **Problem**: Loading root `.env` from app code made the project depend on repository-global state and added avoidable wrapper code.
- **Resolution**: Keep web-specific `DATABASE_URL` and seed variables in `apps/web/.env`; Nx targets already run with `cwd={projectRoot}`.

## [2026-06-21] apps/web Prisma Seed and Studio Commands

### Package and Nx Targets
- **apps/web/package.json**: Added `db:seed` and pinned `db:studio` to port `5555` with the app-local Prisma schema path.
- **apps/web/project.json**: Added Nx `db-seed` and updated `db-studio` so affected/project-scoped workflows use the same commands as package scripts.

### Environment and Documentation
- **apps/web/.env.example**: Added the project-level environment template for `DATABASE_URL` and `SEED_ADMIN_*` variables used by the Prisma 6 MongoDB app.
- **README.md**: Replaced stale PostgreSQL/BASIC_AUTH setup guidance with MongoDB `db:push`, `db:generate`, `db:seed`, and deterministic Prisma Studio instructions.
- **Problem**: `pnpm db:studio` could appear to start on an unexpected URL when Prisma auto-selected another port, and seed docs referenced obsolete first-user variables.
- **Resolution**: Studio now runs directly through Prisma from the `apps/web` project cwd, defaults to `http://localhost:5555`, and reads `DATABASE_URL` from `apps/web/.env`. Admin seeding now uses explicit `SEED_ADMIN_*` variables.


## [2026-06-21] Build, Dependencies, and Watch Configuration Updates

### Drizzle Configuration
- **New Configuration File**: Added `drizzle.config.ts` in the `orchestrator` project directory, targeting the PostgreSQL dialect, schema path (`src/server/db/schema.ts`), and output migrations folder.

### Package & Dependencies Updates
- **New Dependencies**: Added `postgres` (PostgreSQL client driver) to dependencies.
- **New Dev Dependencies**: Added `@electric-sql/pglite` (WASM PostgreSQL database engine) to devDependencies.

### Dev Server Watcher Workarounds
- **Vite Polling Overrides**: Updated `orchestrator/vite.config.ts` under the `server` block with `watch: { usePolling: true }` to disable Vite's standard inotify file watchers, bypassing the `ENOSPC` limit.
- **Backend Watcher Disabling**: Adjusted `dev:server` NPM script in `orchestrator/package.json` to execute `"tsx src/server/index.ts"` directly without the `watch` modifier. This prevents node filesystem watchers from being initialized for server-side code in resource-constrained container/development environments.

## [2026-06-21] Auth Environment Variable Clarification

### BASIC_AUTH_USER / BASIC_AUTH_PASSWORD Semantics Change
- **Previous behavior**: These vars provided HTTP Basic Auth credentials for protecting the app and API.
- **Current behavior**: HTTP Basic Auth has been removed. These vars are now used exclusively by `db:migrate` to seed the first admin user when no users exist in the database. Once any user exists, the vars are ignored.
- **Updated**: `.env.example` comment corrected from "authentication for protected app and API access" to "First-run user seed."
- **Updated**: `README.md` now includes a "First-Run Authentication" section explaining the JWT auth flow and migration seed pattern.
- **No code changes required**: The runtime behavior already matched this description; only documentation was incorrect.

## [2026-06-21] Hermes Agent Integration

### Package Workspace Configurations
- **Workspace Manifest updates**: Registered `apps/hermes-agent` as a valid monorepo workspace project in the root `package.json`.
- **Worker Configuration Files**: Added package configs, compiler targets, and lint/build targets in `apps/hermes-agent/package.json` and compiler settings in root `tsconfig.json`.
- **Vitest Environment mapping**: Set up `apps/hermes-agent/vitest.config.ts` defining `@shared` path resolving to enable module imports.

### Environment Schema Updates
- **Verification Environment Variables**: Added placeholder configuration mappings in `.env.example` defining database credentials for the background service execution.

